Arguments: 
  /Users/hirauchi/.nodebrew/node/v8.9.4/bin/node /Users/hirauchi/.nodebrew/current/bin/yarn

PATH: 
  /Users/hirauchi/.vimpkg/bin:/Users/hirauchi/perl5/bin:/usr/local/go/bin:/Users/hirauchi/.nodebrew/current/bin:/Library/Internet Plug-Ins/JavaAppletPlugin.plugin/Contents/Home/bin:/Users/hirauchi/.pyenv/shims:/Users/hirauchi/.pyenv/bin:/Users/hirauchi/.autojump/bin:/Users/hirauchi/.rbenv/shims:/Users/hirauchi/.rbenv/bin:/Users/hirauchi/.local/bin:/Users/hirauchi/.vimpkg/bin:/Users/hirauchi/perl5/bin:/usr/local/go/bin:/Users/hirauchi/.nodebrew/current/bin:/Library/Internet Plug-Ins/JavaAppletPlugin.plugin/Contents/Home/bin:/Users/hirauchi/.pyenv/shims:/Users/hirauchi/.pyenv/bin:/Users/hirauchi/.autojump/bin:/usr/local/bin:/usr/bin:/bin:/usr/sbin:/sbin:/usr/local/go/bin:/opt/X11/bin

Yarn version: 
  1.5.1

Node version: 
  8.9.4

Platform: 
  darwin x64

npm manifest: 
  {
    "name": "node-js-getting-started",
    "version": "0.3.0",
    "description": "A sample Node.js app using Express 4",
    "engines": {
      "node": "8.9.1"
    },
    "main": "index.js",
    "scripts": {
      "start": "node index.js",
      "test": "node test.js"
    },
    "dependencies": {
      "ejs": "^2.5.6",
      "express": "^4.15.2"
    },
    "devDependencies": {
      "request": "^2.81.0",
      "tape": "^4.7.0"
    },
    "repository": {
      "type": "git",
      "url": "https://github.com/heroku/node-js-getting-started"
    },
    "keywords": [
      "node",
      "heroku",
      "express"
    ],
    "license": "MIT"
  }

yarn manifest: 
  No manifest

Lockfile: 
  No lockfile

Trace: 
  Error: Found incompatible module
      at new MessageError (/Users/hirauchi/.nodebrew/node/v8.9.4/lib/node_modules/yarn/lib/cli.js:186:110)
      at Object.checkOne (/Users/hirauchi/.nodebrew/node/v8.9.4/lib/node_modules/yarn/lib/cli.js:62444:11)
      at /Users/hirauchi/.nodebrew/node/v8.9.4/lib/node_modules/yarn/lib/cli.js:22773:75
      at Generator.next (<anonymous>)
      at step (/Users/hirauchi/.nodebrew/node/v8.9.4/lib/node_modules/yarn/lib/cli.js:98:30)
      at /Users/hirauchi/.nodebrew/node/v8.9.4/lib/node_modules/yarn/lib/cli.js:116:14
      at new Promise (<anonymous>)
      at new F (/Users/hirauchi/.nodebrew/node/v8.9.4/lib/node_modules/yarn/lib/cli.js:23451:28)
      at /Users/hirauchi/.nodebrew/node/v8.9.4/lib/node_modules/yarn/lib/cli.js:95:12
      at /Users/hirauchi/.nodebrew/node/v8.9.4/lib/node_modules/yarn/lib/cli.js:22777:27
